# yersinia v0.7.3 started in ravil.npopm.ru on Wed Jul 13 10:05:35 2016

Network Interface enp5s0

 enp5s0 iflinkname EN10MB
 enp5s0 iflinkdesc Ethernet
 enp5s0 MAC = 0021.91db.2d5f
Network Interface lo

 lo iflinkname EN10MB
 lo iflinkdesc Ethernet
 lo MAC = 0000.0000.0000
Network Interface enp3s0

 enp3s0 iflinkname EN10MB
 enp3s0 iflinkdesc Ethernet
 enp3s0 MAC = 0860.6ee7.a909
Network Interface virbr0

 virbr0 iflinkname EN10MB
 virbr0 iflinkdesc Ethernet
 virbr0 MAC = 5254.002a.79bd
Network Interface bluetooth-monitor
pcap_open_live failed: bluetooth-monito: SIOCETHTOOL(ETHTOOL_GET_TS_INFO) ioctl failed: No such device
Network Interface usbmon1
Network Interface usbmon2
Network Interface usbmon3
Network Interface usbmon4
 g00dbye function called from -1182152320

 ints_destroy started...
 ints_destroy killing pcap_listener(-1363462400)...

 thread_destroy -1182152320 destroying -1363462400...
 thread_destroy -1182152320 after PTHREAD_JOIN -1363462400...
 ints_destroy finished...
 Showing MOTD..
# yersinia finished on Wed Jul 13 10:05:36 2016

# yersinia v0.7.3 started in ravil.npopm.ru on Wed Jul 13 10:06:02 2016

Network Interface enp5s0

 enp5s0 iflinkname EN10MB
 enp5s0 iflinkdesc Ethernet
 enp5s0 MAC = 0021.91db.2d5f
Network Interface lo

 lo iflinkname EN10MB
 lo iflinkdesc Ethernet
 lo MAC = 0000.0000.0000
Network Interface enp3s0

 enp3s0 iflinkname EN10MB
 enp3s0 iflinkdesc Ethernet
 enp3s0 MAC = 0860.6ee7.a909
Network Interface virbr0

 virbr0 iflinkname EN10MB
 virbr0 iflinkdesc Ethernet
 virbr0 MAC = 5254.002a.79bd
Network Interface bluetooth-monitor
pcap_open_live failed: bluetooth-monito: SIOCETHTOOL(ETHTOOL_GET_TS_INFO) ioctl failed: No such device
Network Interface usbmon1
Network Interface usbmon2
Network Interface usbmon3
Network Interface usbmon4

 th_uptime thread = 19543808

 gtk_gui_th = 11151104
 enp5s0 libnet_handler FC118E50
Ohhh no hay paquetes del modo 2, fila 0 :(
Ohhh no hay paquetes del modo 1, fila 0 :(
Ohhh no hay paquetes del modo 1, fila 0 :(
Ohhh no hay paquetes del modo 2, fila 0 :(
Ohhh no hay paquetes del modo 3, fila 0 :(
Ohhh no hay paquetes del modo 4, fila 0 :(
Ohhh no hay paquetes del modo 2, fila 0 :(
Ohhh no hay paquetes del modo 1, fila 0 :(
Ohhh no hay paquetes del modo 3, fila 0 :(
Ohhh no hay paquetes del modo 4, fila 0 :(
Ohhh no hay paquetes del modo 5, fila 0 :(
Clearing stats for protocol(s) 2...
Ohhh no hay paquetes del modo 2, fila 1 :(
Ohhh no hay paquetes del modo 2, fila 1 :(
Ohhh no hay paquetes del modo 2, fila 3 :(
Ohhh no hay paquetes del modo 2, fila 2 :(
Ohhh no hay paquetes del modo 2, fila 5 :(
Ohhh no hay paquetes del modo 2, fila 6 :(
Ohhh no hay paquetes del modo 2, fila 2 :(
Ohhh no hay paquetes del modo 1, fila 0 :(
Ohhh no hay paquetes del modo 3, fila 0 :(
Ohhh no hay paquetes del modo 1, fila 0 :(
Clearing stats for protocol(s) 2...
# yersinia v0.7.3 started in ravil.npopm.ru on Wed Jul 13 10:19:44 2016

Network Interface enp5s0

 enp5s0 iflinkname EN10MB
 enp5s0 iflinkdesc Ethernet
 enp5s0 MAC = 0021.91db.2d5f
Network Interface lo

 lo iflinkname EN10MB
 lo iflinkdesc Ethernet
 lo MAC = 0000.0000.0000
Network Interface enp3s0

 enp3s0 iflinkname EN10MB
 enp3s0 iflinkdesc Ethernet
 enp3s0 MAC = 0860.6ee7.a909
Network Interface virbr0

 virbr0 iflinkname EN10MB
 virbr0 iflinkdesc Ethernet
 virbr0 MAC = 5254.002a.79bd
Network Interface bluetooth-monitor
pcap_open_live failed: bluetooth-monito: SIOCETHTOOL(ETHTOOL_GET_TS_INFO) ioctl failed: No such device
Network Interface usbmon1
Network Interface usbmon2
Network Interface usbmon3
Network Interface usbmon4

 th_uptime thread = -387954944

 gtk_gui_th = -396347648
 enp5s0 libnet_handler E0118DA0
Clearing stats for protocol(s) 1...
# yersinia v0.7.3 started in ravil.npopm.ru on Wed Jul 13 10:20:13 2016

Network Interface enp5s0

 enp5s0 iflinkname EN10MB
 enp5s0 iflinkdesc Ethernet
 enp5s0 MAC = 0021.91db.2d5f
Network Interface lo

 lo iflinkname EN10MB
 lo iflinkdesc Ethernet
 lo MAC = 0000.0000.0000
Network Interface enp3s0

 enp3s0 iflinkname EN10MB
 enp3s0 iflinkdesc Ethernet
 enp3s0 MAC = 0860.6ee7.a909
Network Interface virbr0

 virbr0 iflinkname EN10MB
 virbr0 iflinkdesc Ethernet
 virbr0 MAC = 5254.002a.79bd
Network Interface bluetooth-monitor
pcap_open_live failed: bluetooth-monito: SIOCETHTOOL(ETHTOOL_GET_TS_INFO) ioctl failed: No such device
Network Interface usbmon1
Network Interface usbmon2
Network Interface usbmon3
Network Interface usbmon4

 th_uptime thread = -518916352

 gtk_gui_th = -527309056
 enp5s0 libnet_handler DC118EA0
Clearing stats for protocol(s) 1...
Clearing stats for protocol(s) 1...
Ohhh no hay paquetes del modo 2, fila 0 :(
Ohhh no hay paquetes del modo 1, fila 0 :(
Ohhh no hay paquetes del modo 2, fila 0 :(
Ohhh no hay paquetes del modo 3, fila 0 :(
Ohhh no hay paquetes del modo 4, fila 0 :(
Ohhh no hay paquetes del modo 2, fila 0 :(
Ohhh no hay paquetes del modo 2, fila 0 :(
Ohhh no hay paquetes del modo 1, fila 0 :(
Ohhh no hay paquetes del modo 2, fila 0 :(
Ohhh no hay paquetes del modo 3, fila 0 :(
Ohhh no hay paquetes del modo 2, fila 0 :(
 attack_launch: -527309056 Attack thread 139860442609408 is born!!
a ver...
# yersinia v0.7.3 started in ravil.npopm.ru on Wed Jul 13 10:21:23 2016

Network Interface enp5s0

 enp5s0 iflinkname EN10MB
 enp5s0 iflinkdesc Ethernet
 enp5s0 MAC = 0021.91db.2d5f
Network Interface lo

 lo iflinkname EN10MB
 lo iflinkdesc Ethernet
 lo MAC = 0000.0000.0000
Network Interface enp3s0

 enp3s0 iflinkname EN10MB
 enp3s0 iflinkdesc Ethernet
 enp3s0 MAC = 0860.6ee7.a909
Network Interface virbr0

 virbr0 iflinkname EN10MB
 virbr0 iflinkdesc Ethernet
 virbr0 MAC = 5254.002a.79bd
Network Interface bluetooth-monitor
pcap_open_live failed: bluetooth-monito: SIOCETHTOOL(ETHTOOL_GET_TS_INFO) ioctl failed: No such device
Network Interface usbmon1
Network Interface usbmon2
Network Interface usbmon3
Network Interface usbmon4

 gtk_gui_th = 1249257216

 th_uptime thread = 1257649920
 enp5s0 libnet_handler 44118DC0
Clearing stats for protocol(s) 1...
Clearing stats for protocol(s) 1...
Ohhh no hay paquetes del modo 1, fila 0 :(
a ver...
a ver...
a ver...
a ver...
a ver...
a ver...
a ver...
a ver...
Ohhh no hay paquetes del modo 3, fila 0 :(
Ohhh no hay paquetes del modo 4, fila 0 :(
Ohhh no hay paquetes del modo 6, fila 0 :(
Ohhh no hay paquetes del modo 7, fila 0 :(
Ohhh no hay paquetes del modo 8, fila 0 :(
Ohhh no hay paquetes del modo 9, fila 0 :(
Ohhh no hay paquetes del modo 8, fila 0 :(
Ohhh no hay paquetes del modo 7, fila 0 :(
Ohhh no hay paquetes del modo 6, fila 0 :(
a ver...
a ver...
a ver...
a ver...
a ver...
a ver...
a ver...
a ver...
a ver...
a ver...
a ver...
a ver...
a ver...
a ver...
a ver...
a ver...
a ver...
a ver...
a ver...
a ver...
a ver...
a ver...
a ver...
a ver...
a ver...
a ver...
a ver...
a ver...
a ver...
a ver...
a ver...
a ver...
a ver...
a ver...
a ver...
a ver...
a ver...
a ver...
a ver...
a ver...
a ver...
a ver...
a ver...
a ver...
a ver...
a ver...
a ver...
a ver...
a ver...
a ver...
a ver...
a ver...
a ver...
a ver...
a ver...
a ver...
a ver...
a ver...
a ver...
a ver...
a ver...
a ver...
a ver...
a ver...
a ver...
a ver...
a ver...
a ver...
a ver...
a ver...
a ver...
a ver...
a ver...
a ver...
a ver...
a ver...
a ver...
a ver...
a ver...
a ver...
a ver...
a ver...
a ver...
a ver...
a ver...
a ver...
a ver...
a ver...
a ver...
a ver...
a ver...
a ver...
a ver...
a ver...
a ver...
a ver...
a ver...
a ver...
a ver...
a ver...
a ver...
a ver...
a ver...
a ver...
a ver...
a ver...
a ver...
a ver...
a ver...
a ver...
a ver...
a ver...
a ver...
a ver...
a ver...
a ver...
a ver...
a ver...
a ver...
a ver...
a ver...
a ver...
a ver...
a ver...
a ver...
a ver...
a ver...
a ver...
a ver...
Ohhh no hay paquetes del modo 1, fila 0 :(
a ver...
a ver...
a ver...
a ver...
a ver...
a ver...
a ver...
a ver...
a ver...
a ver...
a ver...
a ver...
a ver...
a ver...
a ver...
a ver...
a ver...
a ver...
a ver...
a ver...
a ver...
a ver...
a ver...
a ver...
a ver...
a ver...
a ver...
a ver...
a ver...
a ver...
a ver...
a ver...
a ver...
a ver...
a ver...
a ver...
a ver...
a ver...
a ver...
a ver...
a ver...
a ver...
a ver...
a ver...
a ver...
a ver...
a ver...
a ver...
a ver...
a ver...
a ver...
a ver...
a ver...
a ver...
a ver...
a ver...
a ver...
a ver...
a ver...
a ver...
a ver...
a ver...
a ver...
a ver...
a ver...
a ver...
a ver...
a ver...
a ver...
a ver...
a ver...
a ver...
a ver...
a ver...
a ver...
a ver...
a ver...
a ver...
a ver...
a ver...
a ver...
a ver...
a ver...
a ver...
a ver...
a ver...
a ver...
a ver...
a ver...
a ver...
a ver...
a ver...
a ver...
a ver...
a ver...
a ver...
a ver...
a ver...
a ver...
a ver...
a ver...
a ver...
a ver...
a ver...
a ver...
a ver...
a ver...
a ver...
a ver...
a ver...
a ver...
a ver...
a ver...
a ver...
a ver...
a ver...
a ver...
a ver...
a ver...
a ver...
a ver...
a ver...
a ver...
a ver...
a ver...
a ver...
a ver...
a ver...
a ver...
a ver...
a ver...
a ver...
a ver...
a ver...
a ver...
a ver...
a ver...
a ver...
a ver...
a ver...
a ver...
a ver...
a ver...
a ver...
a ver...
a ver...
a ver...
a ver...
a ver...
a ver...
a ver...
a ver...
a ver...
a ver...
a ver...
a ver...
a ver...
a ver...
a ver...
a ver...
a ver...
a ver...
a ver...
a ver...
a ver...
a ver...
a ver...
a ver...
a ver...
a ver...
a ver...
a ver...
a ver...
a ver...
a ver...
a ver...
a ver...
a ver...
a ver...
a ver...
a ver...
a ver...
a ver...
a ver...
a ver...
a ver...
a ver...
a ver...
a ver...
a ver...
a ver...
a ver...
a ver...
a ver...
a ver...
a ver...
a ver...
a ver...
a ver...
a ver...
a ver...
a ver...
a ver...
a ver...
a ver...
a ver...
a ver...
a ver...
a ver...
a ver...
a ver...
a ver...
a ver...
a ver...
a ver...
a ver...
a ver...
a ver...
a ver...
a ver...
a ver...
a ver...
a ver...
a ver...
a ver...
a ver...
a ver...
a ver...
a ver...
a ver...
a ver...
a ver...
a ver...
a ver...
a ver...
a ver...
a ver...
a ver...
a ver...
a ver...
a ver...
a ver...
a ver...
a ver...
a ver...
a ver...
a ver...
a ver...
a ver...
a ver...
a ver...
a ver...
a ver...
a ver...
a ver...
a ver...
a ver...
a ver...
a ver...
a ver...
a ver...
a ver...
a ver...
a ver...
a ver...
a ver...
a ver...
a ver...
a ver...
a ver...
a ver...
a ver...
a ver...
a ver...
a ver...
a ver...
a ver...
a ver...
a ver...
a ver...
a ver...
a ver...
a ver...
a ver...
a ver...
a ver...
a ver...
a ver...
a ver...
a ver...
a ver...
a ver...
a ver...
a ver...
a ver...
a ver...
a ver...
a ver...
a ver...
a ver...
a ver...
a ver...
a ver...
a ver...
a ver...
a ver...
a ver...
a ver...
a ver...
a ver...
a ver...
a ver...
a ver...
a ver...
a ver...
a ver...
a ver...
a ver...
a ver...
a ver...
a ver...
a ver...
a ver...
a ver...
a ver...
a ver...
a ver...
a ver...
a ver...
a ver...
a ver...
a ver...
a ver...
a ver...
a ver...
a ver...
a ver...
a ver...
a ver...
a ver...
a ver...
a ver...
a ver...
a ver...
a ver...
a ver...
a ver...
a ver...
a ver...
a ver...
a ver...
a ver...
a ver...
a ver...
a ver...
a ver...
a ver...
a ver...
a ver...
a ver...
a ver...
a ver...
a ver...
a ver...
a ver...
a ver...
a ver...
a ver...
a ver...
a ver...
a ver...
a ver...
a ver...
a ver...
a ver...
a ver...
a ver...
a ver...
a ver...
a ver...
a ver...
a ver...
a ver...
a ver...
a ver...
a ver...
a ver...
a ver...
a ver...
a ver...
a ver...
a ver...
a ver...
a ver...
a ver...
a ver...
a ver...
a ver...
a ver...
a ver...
a ver...
a ver...
a ver...
a ver...
a ver...
a ver...
a ver...
a ver...
a ver...
a ver...
a ver...
a ver...
a ver...
a ver...
a ver...
a ver...
a ver...
a ver...
a ver...
a ver...
a ver...
a ver...
a ver...
a ver...
a ver...
a ver...
a ver...
a ver...
a ver...
a ver...
a ver...
a ver...
a ver...
a ver...
a ver...
a ver...
a ver...
a ver...
a ver...
a ver...
a ver...
a ver...
a ver...
a ver...
a ver...
a ver...
a ver...
a ver...
a ver...
a ver...
a ver...
a ver...
a ver...
a ver...
a ver...
a ver...
a ver...
a ver...
a ver...
a ver...
a ver...
a ver...
a ver...
a ver...
a ver...
a ver...
a ver...
a ver...
a ver...
a ver...
a ver...
a ver...
a ver...
a ver...
a ver...
a ver...
a ver...
a ver...
a ver...
a ver...
a ver...
a ver...
a ver...
a ver...
a ver...
a ver...
a ver...
a ver...
a ver...
a ver...
a ver...
a ver...
a ver...
a ver...
a ver...
a ver...
a ver...
a ver...
a ver...
a ver...
a ver...
a ver...
a ver...
a ver...
a ver...
a ver...
a ver...
a ver...
a ver...
a ver...
a ver...
a ver...
a ver...
a ver...
a ver...
a ver...
a ver...
a ver...
a ver...
a ver...
a ver...
a ver...
a ver...
a ver...
a ver...
a ver...
a ver...
a ver...
a ver...
a ver...
a ver...
a ver...
a ver...
a ver...
a ver...
a ver...
a ver...
a ver...
a ver...
a ver...
a ver...
a ver...
a ver...
a ver...
a ver...
a ver...
a ver...
a ver...
a ver...
a ver...
a ver...
a ver...
a ver...
a ver...
a ver...
a ver...
a ver...
a ver...
a ver...
a ver...
a ver...
a ver...
a ver...
a ver...
a ver...
a ver...
a ver...
a ver...
a ver...
a ver...
a ver...
a ver...
a ver...
a ver...
a ver...
a ver...
a ver...
a ver...
a ver...
a ver...
a ver...
a ver...
a ver...
a ver...
a ver...
a ver...
a ver...
a ver...
a ver...
a ver...
a ver...
a ver...
a ver...
a ver...
a ver...
a ver...
a ver...
a ver...
a ver...
a ver...
a ver...
a ver...
a ver...
a ver...
a ver...
a ver...
a ver...
a ver...
a ver...
a ver...
a ver...
a ver...
a ver...
a ver...
a ver...
a ver...
a ver...
a ver...
a ver...
a ver...
a ver...
a ver...
a ver...
a ver...
a ver...
a ver...
a ver...
a ver...
a ver...
a ver...
a ver...
a ver...
a ver...
a ver...
a ver...
a ver...
a ver...
a ver...
a ver...
a ver...
a ver...
a ver...
a ver...
a ver...
a ver...
a ver...
a ver...
a ver...
